<?xml version="1.0" encoding="UTF-8"?>
<testng-results skipped="0" failed="0" total="1" passed="1">
  <reporter-output>
  </reporter-output>
  <suite name="Default suite" duration-ms="114357" started-at="2018-05-31T07:57:13Z" finished-at="2018-05-31T07:59:08Z">
    <groups>
    </groups>
    <test name="Default test" duration-ms="114357" started-at="2018-05-31T07:57:13Z" finished-at="2018-05-31T07:59:08Z">
      <class name="com.intellicus.demo.testcases.AdHocReportTest">
        <test-method status="PASS" signature="setUp()[pri:0, instance:com.intellicus.demo.testcases.AdHocReportTest@26be92ad]" name="setUp" is-config="true" duration-ms="12440" started-at="2018-05-31T13:27:13Z" finished-at="2018-05-31T13:27:26Z">
          <reporter-output>
          </reporter-output>
        </test-method> <!-- setUp -->
        <test-method status="PASS" signature="adHocReportTest()[pri:0, instance:com.intellicus.demo.testcases.AdHocReportTest@26be92ad]" name="adHocReportTest" duration-ms="100518" started-at="2018-05-31T13:27:26Z" finished-at="2018-05-31T13:29:06Z">
          <reporter-output>
          </reporter-output>
        </test-method> <!-- adHocReportTest -->
        <test-method status="PASS" signature="tearDown()[pri:0, instance:com.intellicus.demo.testcases.AdHocReportTest@26be92ad]" name="tearDown" is-config="true" duration-ms="1365" started-at="2018-05-31T13:29:06Z" finished-at="2018-05-31T13:29:08Z">
          <reporter-output>
          </reporter-output>
        </test-method> <!-- tearDown -->
      </class> <!-- com.intellicus.demo.testcases.AdHocReportTest -->
    </test> <!-- Default test -->
  </suite> <!-- Default suite -->
</testng-results>
